[youtube:tab] PLSQl0a2vh4HCStq2VfrWinBZiCC8orldC: Downloading webpage
[download] Downloading playlist: Life on earth and in the universe | Cosmology & Astronomy | Khan Academy
[youtube:tab] playlist Life on earth and in the universe | Cosmology & Astronomy | Khan Academy: Downloading 25 videos
[download] Downloading video 1 of 25
[youtube] 3gUE_P9T-Wk: Downloading webpage
[youtube] 3gUE_P9T-Wk: Looking for automatic captions
[download] Destination: ./data/source/raw/First living things on land clarification _ Cosmology & Astronomy _ Khan Academy.webm

[K[download]   0.0% of 4.78MiB at 373.82KiB/s ETA 00:13
[K[download]   0.1% of 4.78MiB at  1.06MiB/s ETA 00:04
[K[download]   0.1% of 4.78MiB at  2.38MiB/s ETA 00:02
[K[download]   0.3% of 4.78MiB at  4.94MiB/s ETA 00:00
[K[download]   0.6% of 4.78MiB at  1.28MiB/s ETA 00:03
[K[download]   1.3% of 4.78MiB at  1.57MiB/s ETA 00:02
[K[download]   2.6% of 4.78MiB at  2.22MiB/s ETA 00:02
[K[download]   5.2% of 4.78MiB at  3.39MiB/s ETA 00:01
[K[download]  10.4% of 4.78MiB at  4.41MiB/s ETA 00:00
[K[download]  20.9% of 4.78MiB at  5.24MiB/s ETA 00:00
[K[download]  41.9% of 4.78MiB at  5.36MiB/s ETA 00:00
[K[download]  83.7% of 4.78MiB at  4.17MiB/s ETA 00:00
[K[download] 100.0% of 4.78MiB at  4.38MiB/s ETA 00:00
[K[download] 100% of 4.78MiB in 00:01
[ffmpeg] Destination: ./data/source/raw/First living things on land clarification _ Cosmology & Astronomy _ Khan Academy.wav
Deleting original file ./data/source/raw/First living things on land clarification _ Cosmology & Astronomy _ Khan Academy.webm (pass -k to keep)
[download] Downloading video 2 of 25
[youtube] 4YUtnod-YuE: Downloading webpage
[youtube] 4YUtnod-YuE: Looking for automatic captions
[download] Destination: ./data/source/raw/Carbon 14 dating 2 _ Life on earth and in the universe _ Cosmology & Astronomy _ Khan Academy.webm

[K[download]   0.0% of 3.62MiB at 393.87KiB/s ETA 00:09
[K[download]   0.1% of 3.62MiB at  1.11MiB/s ETA 00:03
[K[download]   0.2% of 3.62MiB at  2.46MiB/s ETA 00:01
[K[download]   0.4% of 3.62MiB at  5.03MiB/s ETA 00:00
[K[download]   0.8% of 3.62MiB at  2.07MiB/s ETA 00:01
[K[download]   1.7% of 3.62MiB at  2.38MiB/s ETA 00:01
[K[download]   3.4% of 3.62MiB at  3.14MiB/s ETA 00:01
[K[download]   6.9% of 3.62MiB at  4.35MiB/s ETA 00:00
[K[download]  13.8% of 3.62MiB at  5.24MiB/s ETA 00:00
[K[download]  27.6% of 3.62MiB at  5.70MiB/s ETA 00:00
[K[download]  55.2% of 3.62MiB at  6.00MiB/s ETA 00:00
[K[download] 100.0% of 3.62MiB at  6.17MiB/s ETA 00:00
[K[download] 100% of 3.62MiB in 00:00
[ffmpeg] Destination: ./data/source/raw/Carbon 14 dating 2 _ Life on earth and in the universe _ Cosmology & Astronomy _ Khan Academy.wav
Deleting original file ./data/source/raw/Carbon 14 dating 2 _ Life on earth and in the universe _ Cosmology & Astronomy _ Khan Academy.webm (pass -k to keep)
[download] Downloading video 3 of 25
[youtube] 5I9dH5im24U: Downloading webpage
[youtube] 5I9dH5im24U: Looking for automatic captions
[download] Destination: ./data/source/raw/Energy inputs for tilling a hectare of land _ Cosmology & Astronomy _ Khan Academy.webm

[K[download]   0.0% of 13.55MiB at 217.58KiB/s ETA 01:04
[K[download]   0.0% of 13.55MiB at 635.98KiB/s ETA 00:21
[K[download]   0.1% of 13.55MiB at  1.42MiB/s ETA 00:09
[K[download]   0.1% of 13.55MiB at  2.96MiB/s ETA 00:04
[K[download]   0.2% of 13.55MiB at  1.08MiB/s ETA 00:12
[K[download]   0.5% of 13.55MiB at  1.49MiB/s ETA 00:09
[K[download]   0.9% of 13.55MiB at  1.81MiB/s ETA 00:07
[K[download]   1.8% of 13.55MiB at  2.38MiB/s ETA 00:05
[K[download]   3.7% of 13.55MiB at  2.83MiB/s ETA 00:04
[K[download]   7.4% of 13.55MiB at  3.20MiB/s ETA 00:03
[K[download]  14.8% of 13.55MiB at  4.04MiB/s ETA 00:02
[K[download]  29.5% of 13.55MiB at  4.70MiB/s ETA 00:02
[K[download]  59.0% of 13.55MiB at  4.78MiB/s ETA 00:01
[K[download]  73.5% of 13.55MiB at  4.87MiB/s ETA 00:00
[K[download]  73.5% of 13.55MiB at 201.57KiB/s ETA 00:18
[K[download]  73.5% of 13.55MiB at 587.66KiB/s ETA 00:06
[K[download]  73.5% of 13.55MiB at  1.31MiB/s ETA 00:02
[K[download]  73.6% of 13.55MiB at  2.73MiB/s ETA 00:01
[K[download]  73.7% of 13.55MiB at  1.57MiB/s ETA 00:02
[K[download]  74.0% of 13.55MiB at  1.32MiB/s ETA 00:02
[K[download]  74.4% of 13.55MiB at  2.00MiB/s ETA 00:01
[K[download]  75.3% of 13.55MiB at  2.44MiB/s ETA 00:01
[K[download]  77.2% of 13.55MiB at  3.12MiB/s ETA 00:00
[K[download]  80.9% of 13.55MiB at  4.40MiB/s ETA 00:00
[K[download]  88.3% of 13.55MiB at  5.30MiB/s ETA 00:00
[K[download] 100.0% of 13.55MiB at  5.73MiB/s ETA 00:00
[K[download] 100% of 13.55MiB in 00:02
[ffmpeg] Destination: ./data/source/raw/Energy inputs for tilling a hectare of land _ Cosmology & Astronomy _ Khan Academy.wav
Deleting original file ./data/source/raw/Energy inputs for tilling a hectare of land _ Cosmology & Astronomy _ Khan Academy.webm (pass -k to keep)
[download] Downloading video 4 of 25
[youtube] 5mNTvtjDnP8: Downloading webpage
[youtube] 5mNTvtjDnP8: Looking for automatic captions
[download] Destination: ./data/source/raw/Chronometric revolution _ Cosmology & Astronomy _ Khan Academy.webm

[K[download]   0.0% of 8.86MiB at 406.35KiB/s ETA 00:22
[K[download]   0.0% of 8.86MiB at  1.15MiB/s ETA 00:07
[K[download]   0.1% of 8.86MiB at  2.31MiB/s ETA 00:03
[K[download]   0.2% of 8.86MiB at  4.77MiB/s ETA 00:01
[K[download]   0.3% of 8.86MiB at  1.52MiB/s ETA 00:05
[K[download]   0.7% of 8.86MiB at  1.99MiB/s ETA 00:04
[K[download]   1.4% of 8.86MiB at  2.63MiB/s ETA 00:03
[K[download]   2.8% of 8.86MiB at  3.95MiB/s ETA 00:02
[K[download]   5.6% of 8.86MiB at  4.85MiB/s ETA 00:01
[K[download]  11.3% of 8.86MiB at  5.51MiB/s ETA 00:01
[K[download]  22.6% of 8.86MiB at  5.90MiB/s ETA 00:01
[K[download]  45.1% of 8.86MiB at  5.63MiB/s ETA 00:00
[K[download]  90.3% of 8.86MiB at  5.70MiB/s ETA 00:00
[K[download] 100.0% of 8.86MiB at  5.61MiB/s ETA 00:00
[K[download] 100% of 8.86MiB in 00:01
[ffmpeg] Destination: ./data/source/raw/Chronometric revolution _ Cosmology & Astronomy _ Khan Academy.wav
Deleting original file ./data/source/raw/Chronometric revolution _ Cosmology & Astronomy _ Khan Academy.webm (pass -k to keep)
[download] Downloading video 5 of 25
[youtube] 8wYvKeSK1IY: Downloading webpage
[youtube] 8wYvKeSK1IY: Looking for automatic captions
[download] Destination: ./data/source/raw/Carbon 14 dating 1 _ Life on earth and in the universe _ Cosmology & Astronomy _ Khan Academy.webm

[K[download]   0.0% of 8.36MiB at 457.89KiB/s ETA 00:18
[K[download]   0.0% of 8.36MiB at  1.29MiB/s ETA 00:06
[K[download]   0.1% of 8.36MiB at  2.91MiB/s ETA 00:02
[K[download]   0.2% of 8.36MiB at  6.01MiB/s ETA 00:01
[K[download]   0.4% of 8.36MiB at  2.86MiB/s ETA 00:02
[K[download]   0.7% of 8.36MiB at  3.23MiB/s ETA 00:02
[K[download]   1.5% of 8.36MiB at  4.26MiB/s ETA 00:01
[K[download]   3.0% of 8.36MiB at  5.32MiB/s ETA 00:01
[K[download]   6.0% of 8.36MiB at  5.83MiB/s ETA 00:01
[K[download]  12.0% of 8.36MiB at  6.08MiB/s ETA 00:01
[K[download]  23.9% of 8.36MiB at  6.20MiB/s ETA 00:01
[K[download]  47.8% of 8.36MiB at  6.05MiB/s ETA 00:00
[K[download]  95.7% of 8.36MiB at  4.59MiB/s ETA 00:00
[K[download] 100.0% of 8.36MiB at  4.55MiB/s ETA 00:00
[K[download] 100% of 8.36MiB in 00:01
[ffmpeg] Destination: ./data/source/raw/Carbon 14 dating 1 _ Life on earth and in the universe _ Cosmology & Astronomy _ Khan Academy.wav
Deleting original file ./data/source/raw/Carbon 14 dating 1 _ Life on earth and in the universe _ Cosmology & Astronomy _ Khan Academy.webm (pass -k to keep)
[download] Downloading video 6 of 25
[youtube] E1P79uFLCMc: Downloading webpage
[youtube] E1P79uFLCMc: Looking for automatic captions
[download] Destination: ./data/source/raw/Ozone layer and eukaryotes show up in the Proterozoic eon _ Cosmology & Astronomy _ Khan Academy.webm

[K[download]   0.0% of 7.64MiB at 128.65KiB/s ETA 01:00
[K[download]   0.0% of 7.64MiB at 381.74KiB/s ETA 00:20
[K[download]   0.1% of 7.64MiB at 881.84KiB/s ETA 00:08
[K[download]   0.2% of 7.64MiB at  1.82MiB/s ETA 00:04
[K[download]   0.4% of 7.64MiB at 906.52KiB/s ETA 00:08
[K[download]   0.8% of 7.64MiB at  1.12MiB/s ETA 00:06
[K[download]   1.6% of 7.64MiB at  1.50MiB/s ETA 00:05
[K[download]   3.3% of 7.64MiB at  2.01MiB/s ETA 00:03
[K[download]   6.5% of 7.64MiB at  2.87MiB/s ETA 00:02
[K[download]  13.1% of 7.64MiB at  4.22MiB/s ETA 00:01
[K[download]  26.2% of 7.64MiB at  4.20MiB/s ETA 00:01
[K[download]  52.4% of 7.64MiB at  4.78MiB/s ETA 00:00
[K[download] 100.0% of 7.64MiB at  4.85MiB/s ETA 00:00
[K[download] 100% of 7.64MiB in 00:01
[ffmpeg] Destination: ./data/source/raw/Ozone layer and eukaryotes show up in the Proterozoic eon _ Cosmology & Astronomy _ Khan Academy.wav
Deleting original file ./data/source/raw/Ozone layer and eukaryotes show up in the Proterozoic eon _ Cosmology & Astronomy _ Khan Academy.webm (pass -k to keep)
[download] Downloading video 7 of 25
[youtube] E4rbS0oxg30: Downloading webpage
[youtube] E4rbS0oxg30: Looking for automatic captions
[download] Destination: ./data/source/raw/Random predictions for 2060 _ Cosmology & Astronomy _ Khan Academy.webm

[K[download]   0.0% of 10.27MiB at 607.87KiB/s ETA 00:17
[K[download]   0.0% of 10.27MiB at  1.66MiB/s ETA 00:06
[K[download]   0.1% of 10.27MiB at  3.65MiB/s ETA 00:02
[K[download]   0.1% of 10.27MiB at  7.35MiB/s ETA 00:01
[K[download]   0.3% of 10.27MiB at  2.37MiB/s ETA 00:04
[K[download]   0.6% of 10.27MiB at  2.72MiB/s ETA 00:03
[K[download]   1.2% of 10.27MiB at  3.56MiB/s ETA 00:02
[K[download]   2.4% of 10.27MiB at  4.92MiB/s ETA 00:02
[K[download]   4.9% of 10.27MiB at  5.56MiB/s ETA 00:01
[K[download]   9.7% of 10.27MiB at  5.88MiB/s ETA 00:01
[K[download]  19.5% of 10.27MiB at  6.12MiB/s ETA 00:01
[K[download]  38.9% of 10.27MiB at  5.72MiB/s ETA 00:01
[K[download]  77.9% of 10.27MiB at  4.40MiB/s ETA 00:00
[K[download]  93.2% of 10.27MiB at  4.23MiB/s ETA 00:00
[K[download]  93.2% of 10.27MiB at 715.75KiB/s ETA 00:01
[K[download]  93.2% of 10.27MiB at  2.00MiB/s ETA 00:00
[K[download]  93.3% of 10.27MiB at  4.42MiB/s ETA 00:00
[K[download]  93.4% of 10.27MiB at  9.10MiB/s ETA 00:00
[K[download]  93.5% of 10.27MiB at  3.28MiB/s ETA 00:00
[K[download]  93.8% of 10.27MiB at  3.70MiB/s ETA 00:00
[K[download]  94.4% of 10.27MiB at  4.67MiB/s ETA 00:00
[K[download]  95.6% of 10.27MiB at  5.70MiB/s ETA 00:00
[K[download]  98.1% of 10.27MiB at  5.95MiB/s ETA 00:00
[K[download] 100.0% of 10.27MiB at  6.09MiB/s ETA 00:00
[K[download] 100% of 10.27MiB in 00:02
[ffmpeg] Destination: ./data/source/raw/Random predictions for 2060 _ Cosmology & Astronomy _ Khan Academy.wav
Deleting original file ./data/source/raw/Random predictions for 2060 _ Cosmology & Astronomy _ Khan Academy.webm (pass -k to keep)
[download] Downloading video 8 of 25
[youtube] EKKe7DBZVhI: Downloading webpage
[youtube] EKKe7DBZVhI: Looking for automatic captions
[download] Destination: ./data/source/raw/Understanding calendar notation _ Cosmology & Astronomy _ Khan Academy.webm

[K[download]   0.0% of 7.91MiB at 527.39KiB/s ETA 00:15
[K[download]   0.0% of 7.91MiB at  1.46MiB/s ETA 00:05
[K[download]   0.1% of 7.91MiB at  3.23MiB/s ETA 00:02
[K[download]   0.2% of 7.91MiB at  6.54MiB/s ETA 00:01
[K[download]   0.4% of 7.91MiB at  3.59MiB/s ETA 00:02
[K[download]   0.8% of 7.91MiB at  4.10MiB/s ETA 00:01
[K[download]   1.6% of 7.91MiB at  5.57MiB/s ETA 00:01
[K[download]   3.1% of 7.91MiB at  6.00MiB/s ETA 00:01
[K[download]   6.3% of 7.91MiB at  6.18MiB/s ETA 00:01
[K[download]  12.6% of 7.91MiB at  6.30MiB/s ETA 00:01
[K[download]  25.3% of 7.91MiB at  6.29MiB/s ETA 00:00
[K[download]  50.6% of 7.91MiB at  5.87MiB/s ETA 00:00
[K[download] 100.0% of 7.91MiB at  5.06MiB/s ETA 00:00
[K[download] 100% of 7.91MiB in 00:01
[ffmpeg] Destination: ./data/source/raw/Understanding calendar notation _ Cosmology & Astronomy _ Khan Academy.wav
Deleting original file ./data/source/raw/Understanding calendar notation _ Cosmology & Astronomy _ Khan Academy.webm (pass -k to keep)
[download] Downloading video 9 of 25
[youtube] LRmwUsxNSL0: Downloading webpage
[youtube] LRmwUsxNSL0: Looking for automatic captions
[download] Destination: ./data/source/raw/Detectable civilizations in our galaxy 3 _ Cosmology & Astronomy _ Khan Academy.webm

[K[download]   0.0% of 5.89MiB at 580.04KiB/s ETA 00:10
[K[download]   0.0% of 5.89MiB at  1.61MiB/s ETA 00:03
[K[download]   0.1% of 5.89MiB at  3.07MiB/s ETA 00:01
[K[download]   0.2% of 5.89MiB at  6.30MiB/s ETA 00:00
[K[download]   0.5% of 5.89MiB at  2.67MiB/s ETA 00:02
[K[download]   1.0% of 5.89MiB at  3.03MiB/s ETA 00:01
[K[download]   2.1% of 5.89MiB at  4.12MiB/s ETA 00:01
[K[download]   4.2% of 5.89MiB at  5.26MiB/s ETA 00:01
[K[download]   8.5% of 5.89MiB at  5.70MiB/s ETA 00:00
[K[download]  17.0% of 5.89MiB at  6.08MiB/s ETA 00:00
[K[download]  33.9% of 5.89MiB at  6.19MiB/s ETA 00:00
[K[download]  67.9% of 5.89MiB at  6.26MiB/s ETA 00:00
[K[download] 100.0% of 5.89MiB at  6.29MiB/s ETA 00:00
[K[download] 100% of 5.89MiB in 00:01
[ffmpeg] Destination: ./data/source/raw/Detectable civilizations in our galaxy 3 _ Cosmology & Astronomy _ Khan Academy.wav
Deleting original file ./data/source/raw/Detectable civilizations in our galaxy 3 _ Cosmology & Astronomy _ Khan Academy.webm (pass -k to keep)
[download] Downloading video 10 of 25
[youtube] MS7x2hDEhrw: Downloading webpage
[youtube] MS7x2hDEhrw: Looking for automatic captions
[download] Destination: ./data/source/raw/Biodiversity flourishes in Phanerozoic eon _ Cosmology & Astronomy _ Khan Academy.webm

[K[download]   0.0% of 8.64MiB at 475.28KiB/s ETA 00:18
[K[download]   0.0% of 8.64MiB at  1.33MiB/s ETA 00:06
[K[download]   0.1% of 8.64MiB at  2.46MiB/s ETA 00:03
[K[download]   0.2% of 8.64MiB at  5.08MiB/s ETA 00:01
[K[download]   0.4% of 8.64MiB at  1.66MiB/s ETA 00:05
[K[download]   0.7% of 8.64MiB at  2.14MiB/s ETA 00:04
[K[download]   1.4% of 8.64MiB at  2.80MiB/s ETA 00:03
[K[download]   2.9% of 8.64MiB at  4.05MiB/s ETA 00:02
[K[download]   5.8% of 8.64MiB at  4.92MiB/s ETA 00:01
[K[download]  11.6% of 8.64MiB at  5.54MiB/s ETA 00:01
[K[download]  23.1% of 8.64MiB at  5.93MiB/s ETA 00:01
[K[download]  46.3% of 8.64MiB at  5.52MiB/s ETA 00:00
[K[download]  92.5% of 8.64MiB at  5.88MiB/s ETA 00:00
[K[download] 100.0% of 8.64MiB at  5.92MiB/s ETA 00:00
[K[download] 100% of 8.64MiB in 00:01
[ffmpeg] Destination: ./data/source/raw/Biodiversity flourishes in Phanerozoic eon _ Cosmology & Astronomy _ Khan Academy.wav
Deleting original file ./data/source/raw/Biodiversity flourishes in Phanerozoic eon _ Cosmology & Astronomy _ Khan Academy.webm (pass -k to keep)
[download] Downloading video 11 of 25
[youtube] N06Jy-gQog8: Downloading webpage
[youtube] N06Jy-gQog8: Looking for automatic captions
[download] Destination: ./data/source/raw/Correction calendar notation _ Cosmology & Astronomy _ Khan Academy.webm

[K[download]   0.0% of 3.62MiB at 217.20KiB/s ETA 00:17
[K[download]   0.1% of 3.62MiB at 638.01KiB/s ETA 00:05
[K[download]   0.2% of 3.62MiB at  1.43MiB/s ETA 00:02
[K[download]   0.4% of 3.62MiB at  2.99MiB/s ETA 00:01
[K[download]   0.8% of 3.62MiB at  2.11MiB/s ETA 00:01
[K[download]   1.7% of 3.62MiB at  2.12MiB/s ETA 00:01
[K[download]   3.4% of 3.62MiB at  2.79MiB/s ETA 00:01
[K[download]   6.9% of 3.62MiB at  4.04MiB/s ETA 00:00
[K[download]  13.8% of 3.62MiB at  4.97MiB/s ETA 00:00
[K[download]  27.6% of 3.62MiB at  5.57MiB/s ETA 00:00
[K[download]  55.2% of 3.62MiB at  5.91MiB/s ETA 00:00
[K[download] 100.0% of 3.62MiB at  4.29MiB/s ETA 00:00
[K[download] 100% of 3.62MiB in 00:00
[ffmpeg] Destination: ./data/source/raw/Correction calendar notation _ Cosmology & Astronomy _ Khan Academy.wav
Deleting original file ./data/source/raw/Correction calendar notation _ Cosmology & Astronomy _ Khan Academy.webm (pass -k to keep)
[download] Downloading video 12 of 25
[youtube] NMZ5kJEviD0: Downloading webpage
[youtube] NMZ5kJEviD0: Looking for automatic captions
[download] Destination: ./data/source/raw/Potassium-argon (K-Ar) dating _ Cosmology & Astronomy _ Khan Academy.webm

[K[download]   0.0% of 9.59MiB at 691.10KiB/s ETA 00:14
[K[download]   0.0% of 9.59MiB at  1.84MiB/s ETA 00:05
[K[download]   0.1% of 9.59MiB at  3.95MiB/s ETA 00:02
[K[download]   0.2% of 9.59MiB at  7.71MiB/s ETA 00:01
[K[download]   0.3% of 9.59MiB at  4.04MiB/s ETA 00:02
[K[download]   0.6% of 9.59MiB at  4.34MiB/s ETA 00:02
[K[download]   1.3% of 9.59MiB at  5.71MiB/s ETA 00:01
[K[download]   2.6% of 9.59MiB at  6.07MiB/s ETA 00:01
[K[download]   5.2% of 9.59MiB at  6.27MiB/s ETA 00:01
[K[download]  10.4% of 9.59MiB at  6.34MiB/s ETA 00:01
[K[download]  20.8% of 9.59MiB at  5.43MiB/s ETA 00:01
[K[download]  41.7% of 9.59MiB at  4.00MiB/s ETA 00:01
[K[download]  74.7% of 9.59MiB at  4.45MiB/s ETA 00:00
[K[download] 100.0% of 9.59MiB at  4.70MiB/s ETA 00:00
[K[download] 100% of 9.59MiB in 00:02
[ffmpeg] Destination: ./data/source/raw/Potassium-argon (K-Ar) dating _ Cosmology & Astronomy _ Khan Academy.wav
Deleting original file ./data/source/raw/Potassium-argon (K-Ar) dating _ Cosmology & Astronomy _ Khan Academy.webm (pass -k to keep)
[download] Downloading video 13 of 25
[youtube] NqR_dtZu4Mo: Downloading webpage
[youtube] NqR_dtZu4Mo: Looking for automatic captions
[download] Destination: ./data/source/raw/Collective learning _ Life on earth and in the universe _ Cosmology & Astronomy _ Khan Academy.webm

[K[download]   0.0% of 11.77MiB at 98.80KiB/s ETA 02:02
[K[download]   0.0% of 11.77MiB at 293.37KiB/s ETA 00:41
[K[download]   0.1% of 11.77MiB at 678.30KiB/s ETA 00:17
[K[download]   0.1% of 11.77MiB at  1.40MiB/s ETA 00:08
[K[download]   0.3% of 11.77MiB at  1.06MiB/s ETA 00:11
[K[download]   0.5% of 11.77MiB at  1.43MiB/s ETA 00:08
[K[download]   1.1% of 11.77MiB at  1.93MiB/s ETA 00:06
[K[download]   2.1% of 11.77MiB at  2.28MiB/s ETA 00:05
[K[download]   4.2% of 11.77MiB at  2.56MiB/s ETA 00:04
[K[download]   8.5% of 11.77MiB at  3.22MiB/s ETA 00:03
[K[download]  17.0% of 11.77MiB at  3.70MiB/s ETA 00:02
[K[download]  34.0% of 11.77MiB at  4.60MiB/s ETA 00:01
[K[download]  67.9% of 11.77MiB at  5.30MiB/s ETA 00:00
[K[download]  81.5% of 11.77MiB at  5.47MiB/s ETA 00:00
[K[download]  81.5% of 11.77MiB at 537.39KiB/s ETA 00:04
[K[download]  81.5% of 11.77MiB at  1.46MiB/s ETA 00:01
[K[download]  81.5% of 11.77MiB at  3.16MiB/s ETA 00:00
[K[download]  81.6% of 11.77MiB at  6.37MiB/s ETA 00:00
[K[download]  81.7% of 11.77MiB at  4.37MiB/s ETA 00:00
[K[download]  82.0% of 11.77MiB at  4.66MiB/s ETA 00:00
[K[download]  82.5% of 11.77MiB at  6.36MiB/s ETA 00:00
[K[download]  83.6% of 11.77MiB at  6.40MiB/s ETA 00:00
[K[download]  85.7% of 11.77MiB at  6.39MiB/s ETA 00:00
[K[download]  90.0% of 11.77MiB at  6.38MiB/s ETA 00:00
[K[download]  98.5% of 11.77MiB at  6.38MiB/s ETA 00:00
[K[download] 100.0% of 11.77MiB at  6.36MiB/s ETA 00:00
[K[download] 100% of 11.77MiB in 00:02
[ffmpeg] Destination: ./data/source/raw/Collective learning _ Life on earth and in the universe _ Cosmology & Astronomy _ Khan Academy.wav
Deleting original file ./data/source/raw/Collective learning _ Life on earth and in the universe _ Cosmology & Astronomy _ Khan Academy.webm (pass -k to keep)
[download] Downloading video 14 of 25
[youtube] T5DGZIsfK-0: Downloading webpage
[youtube] T5DGZIsfK-0: Looking for automatic captions
[download] Destination: ./data/source/raw/Detectable civilizations in our galaxy 4 _ Cosmology & Astronomy _ Khan Academy.webm

[K[download]   0.0% of 4.95MiB at 365.90KiB/s ETA 00:13
[K[download]   0.1% of 4.95MiB at  1.04MiB/s ETA 00:04
[K[download]   0.1% of 4.95MiB at  2.35MiB/s ETA 00:02
[K[download]   0.3% of 4.95MiB at  4.85MiB/s ETA 00:01
[K[download]   0.6% of 4.95MiB at  2.93MiB/s ETA 00:01
[K[download]   1.2% of 4.95MiB at  4.01MiB/s ETA 00:01
[K[download]   2.5% of 4.95MiB at  5.54MiB/s ETA 00:00
[K[download]   5.0% of 4.95MiB at  5.99MiB/s ETA 00:00
[K[download]  10.1% of 4.95MiB at  6.16MiB/s ETA 00:00
[K[download]  20.2% of 4.95MiB at  6.26MiB/s ETA 00:00
[K[download]  40.4% of 4.95MiB at  6.30MiB/s ETA 00:00
[K[download]  80.8% of 4.95MiB at  6.35MiB/s ETA 00:00
[K[download] 100.0% of 4.95MiB at  6.37MiB/s ETA 00:00
[K[download] 100% of 4.95MiB in 00:00
[ffmpeg] Destination: ./data/source/raw/Detectable civilizations in our galaxy 4 _ Cosmology & Astronomy _ Khan Academy.wav
Deleting original file ./data/source/raw/Detectable civilizations in our galaxy 4 _ Cosmology & Astronomy _ Khan Academy.webm (pass -k to keep)
[download] Downloading video 15 of 25
[youtube] VbNXh0GaLYo: Downloading webpage
[youtube] VbNXh0GaLYo: Looking for automatic captions
[download] Destination: ./data/source/raw/Earth formation _ Life on earth and in the universe _ Cosmology & Astronomy _ Khan Academy.webm

[K[download]   0.0% of 8.43MiB at 128.34KiB/s ETA 01:07
[K[download]   0.0% of 8.43MiB at 380.82KiB/s ETA 00:22
[K[download]   0.1% of 8.43MiB at 879.97KiB/s ETA 00:09
[K[download]   0.2% of 8.43MiB at  1.82MiB/s ETA 00:04
[K[download]   0.4% of 8.43MiB at  1.18MiB/s ETA 00:07
[K[download]   0.7% of 8.43MiB at  1.37MiB/s ETA 00:06
[K[download]   1.5% of 8.43MiB at  1.74MiB/s ETA 00:04
[K[download]   3.0% of 8.43MiB at  2.26MiB/s ETA 00:03
[K[download]   5.9% of 8.43MiB at  2.87MiB/s ETA 00:02
[K[download]  11.9% of 8.43MiB at  4.33MiB/s ETA 00:01
[K[download]  23.7% of 8.43MiB at  5.16MiB/s ETA 00:01
[K[download]  47.5% of 8.43MiB at  5.70MiB/s ETA 00:00
[K[download]  94.9% of 8.43MiB at  5.00MiB/s ETA 00:00
[K[download] 100.0% of 8.43MiB at  5.06MiB/s ETA 00:00
[K[download] 100% of 8.43MiB in 00:01
[ffmpeg] Destination: ./data/source/raw/Earth formation _ Life on earth and in the universe _ Cosmology & Astronomy _ Khan Academy.wav
Deleting original file ./data/source/raw/Earth formation _ Life on earth and in the universe _ Cosmology & Astronomy _ Khan Academy.webm (pass -k to keep)
[download] Downloading video 16 of 25
[youtube] YYEgq1bweN4: Downloading webpage
[youtube] YYEgq1bweN4: Looking for automatic captions
[download] Destination: ./data/source/raw/Detectable civilizations in our galaxy 1 _ Cosmology & Astronomy _ Khan Academy.webm

[K[download]   0.0% of 10.09MiB at 598.42KiB/s ETA 00:17
[K[download]   0.0% of 10.09MiB at  1.61MiB/s ETA 00:06
[K[download]   0.1% of 10.09MiB at  3.47MiB/s ETA 00:02
[K[download]   0.1% of 10.09MiB at  6.87MiB/s ETA 00:01
[K[download]   0.3% of 10.09MiB at  2.76MiB/s ETA 00:03
[K[download]   0.6% of 10.09MiB at  3.29MiB/s ETA 00:03
[K[download]   1.2% of 10.09MiB at  4.43MiB/s ETA 00:02
[K[download]   2.5% of 10.09MiB at  5.40MiB/s ETA 00:01
[K[download]   4.9% of 10.09MiB at  5.86MiB/s ETA 00:01
[K[download]   9.9% of 10.09MiB at  6.13MiB/s ETA 00:01
[K[download]  19.8% of 10.09MiB at  6.24MiB/s ETA 00:01
[K[download]  39.6% of 10.09MiB at  6.25MiB/s ETA 00:00
[K[download]  79.3% of 10.09MiB at  6.32MiB/s ETA 00:00
[K[download]  94.8% of 10.09MiB at  6.34MiB/s ETA 00:00
[K[download]  94.8% of 10.09MiB at 624.15KiB/s ETA 00:00
[K[download]  94.8% of 10.09MiB at  1.70MiB/s ETA 00:00
[K[download]  94.9% of 10.09MiB at  3.70MiB/s ETA 00:00
[K[download]  94.9% of 10.09MiB at  7.49MiB/s ETA 00:00
[K[download]  95.1% of 10.09MiB at  4.06MiB/s ETA 00:00
[K[download]  95.4% of 10.09MiB at  3.67MiB/s ETA 00:00
[K[download]  96.0% of 10.09MiB at  5.24MiB/s ETA 00:00
[K[download]  97.3% of 10.09MiB at  5.55MiB/s ETA 00:00
[K[download]  99.7% of 10.09MiB at  5.97MiB/s ETA 00:00
[K[download] 100.0% of 10.09MiB at  6.04MiB/s ETA 00:00
[K[download] 100% of 10.09MiB in 00:01
[ffmpeg] Destination: ./data/source/raw/Detectable civilizations in our galaxy 1 _ Cosmology & Astronomy _ Khan Academy.wav
Deleting original file ./data/source/raw/Detectable civilizations in our galaxy 1 _ Cosmology & Astronomy _ Khan Academy.webm (pass -k to keep)
[download] Downloading video 17 of 25
[youtube] frE1rjhH77Y: Downloading webpage
[youtube] frE1rjhH77Y: Looking for automatic captions
[download] Destination: ./data/source/raw/Human evolution overview _ Life on earth and in the universe _ Cosmology & Astronomy _ Khan Academy.webm

[K[download]   0.0% of 10.44MiB at 101.78KiB/s ETA 01:45
[K[download]   0.0% of 10.44MiB at 302.54KiB/s ETA 00:35
[K[download]   0.1% of 10.44MiB at 700.20KiB/s ETA 00:15
[K[download]   0.1% of 10.44MiB at  1.45MiB/s ETA 00:07
[K[download]   0.3% of 10.44MiB at  1.39MiB/s ETA 00:07
[K[download]   0.6% of 10.44MiB at 996.14KiB/s ETA 00:10
[K[download]   1.2% of 10.44MiB at  1.49MiB/s ETA 00:06
[K[download]   2.4% of 10.44MiB at  2.08MiB/s ETA 00:04
[K[download]   4.8% of 10.44MiB at  2.33MiB/s ETA 00:04
[K[download]   9.6% of 10.44MiB at  2.79MiB/s ETA 00:03
[K[download]  19.2% of 10.44MiB at  3.64MiB/s ETA 00:02
[K[download]  38.3% of 10.44MiB at  4.64MiB/s ETA 00:01
[K[download]  76.6% of 10.44MiB at  4.44MiB/s ETA 00:00
[K[download]  95.1% of 10.44MiB at  4.40MiB/s ETA 00:00
[K[download]  95.1% of 10.44MiB at 371.31KiB/s ETA 00:01
[K[download]  95.1% of 10.44MiB at  1.04MiB/s ETA 00:00
[K[download]  95.1% of 10.44MiB at  2.33MiB/s ETA 00:00
[K[download]  95.2% of 10.44MiB at  4.78MiB/s ETA 00:00
[K[download]  95.3% of 10.44MiB at  1.54MiB/s ETA 00:00
[K[download]  95.6% of 10.44MiB at  2.01MiB/s ETA 00:00
[K[download]  96.2% of 10.44MiB at  2.72MiB/s ETA 00:00
[K[download]  97.4% of 10.44MiB at  3.16MiB/s ETA 00:00
[K[download]  99.8% of 10.44MiB at  3.93MiB/s ETA 00:00
[K[download] 100.0% of 10.44MiB at  3.88MiB/s ETA 00:00
[K[download] 100% of 10.44MiB in 00:02
[ffmpeg] Destination: ./data/source/raw/Human evolution overview _ Life on earth and in the universe _ Cosmology & Astronomy _ Khan Academy.wav
Deleting original file ./data/source/raw/Human evolution overview _ Life on earth and in the universe _ Cosmology & Astronomy _ Khan Academy.webm (pass -k to keep)
[download] Downloading video 18 of 25
[youtube] iLFcSfzrlMk: Downloading webpage
[youtube] iLFcSfzrlMk: Looking for automatic captions
[download] Destination: ./data/source/raw/K-Ar dating calculation _ Life on earth and in the universe _ Cosmology & Astronomy _ Khan Academy.webm

[K[download]   0.0% of 9.63MiB at 524.42KiB/s ETA 00:18
[K[download]   0.0% of 9.63MiB at  1.46MiB/s ETA 00:06
[K[download]   0.1% of 9.63MiB at  3.27MiB/s ETA 00:02
[K[download]   0.2% of 9.63MiB at  6.67MiB/s ETA 00:01
[K[download]   0.3% of 9.63MiB at  3.82MiB/s ETA 00:02
[K[download]   0.6% of 9.63MiB at  4.70MiB/s ETA 00:02
[K[download]   1.3% of 9.63MiB at  6.17MiB/s ETA 00:01
[K[download]   2.6% of 9.63MiB at  6.32MiB/s ETA 00:01
[K[download]   5.2% of 9.63MiB at  6.35MiB/s ETA 00:01
[K[download]  10.4% of 9.63MiB at  6.37MiB/s ETA 00:01
[K[download]  20.8% of 9.63MiB at  6.37MiB/s ETA 00:01
[K[download]  41.5% of 9.63MiB at  6.38MiB/s ETA 00:00
[K[download]  83.0% of 9.63MiB at  6.12MiB/s ETA 00:00
[K[download] 100.0% of 9.63MiB at  5.67MiB/s ETA 00:00
[K[download] 100% of 9.63MiB in 00:01
[ffmpeg] Destination: ./data/source/raw/K-Ar dating calculation _ Life on earth and in the universe _ Cosmology & Astronomy _ Khan Academy.wav
Deleting original file ./data/source/raw/K-Ar dating calculation _ Life on earth and in the universe _ Cosmology & Astronomy _ Khan Academy.webm (pass -k to keep)
[download] Downloading video 19 of 25
[youtube] iU58AIjh3YA: Downloading webpage
[youtube] iU58AIjh3YA: Looking for automatic captions
[download] Destination: ./data/source/raw/Development of agriculture and writing _ Cosmology & Astronomy _ Khan Academy.webm

[K[download]   0.0% of 10.71MiB at 309.77KiB/s ETA 00:35
[K[download]   0.0% of 10.71MiB at 889.94KiB/s ETA 00:12
[K[download]   0.1% of 10.71MiB at  1.95MiB/s ETA 00:05
[K[download]   0.1% of 10.71MiB at  4.01MiB/s ETA 00:02
[K[download]   0.3% of 10.71MiB at  2.89MiB/s ETA 00:03
[K[download]   0.6% of 10.71MiB at  3.99MiB/s ETA 00:02
[K[download]   1.2% of 10.71MiB at  5.51MiB/s ETA 00:01
[K[download]   2.3% of 10.71MiB at  5.81MiB/s ETA 00:01
[K[download]   4.7% of 10.71MiB at  6.06MiB/s ETA 00:01
[K[download]   9.3% of 10.71MiB at  6.24MiB/s ETA 00:01
[K[download]  18.7% of 10.71MiB at  6.31MiB/s ETA 00:01
[K[download]  37.3% of 10.71MiB at  5.10MiB/s ETA 00:01
[K[download]  74.7% of 10.71MiB at  4.82MiB/s ETA 00:00
[K[download]  90.5% of 10.71MiB at  5.04MiB/s ETA 00:00
[K[download]  90.5% of 10.71MiB at 654.44KiB/s ETA 00:01
[K[download]  90.6% of 10.71MiB at  1.76MiB/s ETA 00:00
[K[download]  90.6% of 10.71MiB at  3.78MiB/s ETA 00:00
[K[download]  90.7% of 10.71MiB at  7.70MiB/s ETA 00:00
[K[download]  90.8% of 10.71MiB at  3.96MiB/s ETA 00:00
[K[download]  91.1% of 10.71MiB at  4.40MiB/s ETA 00:00
[K[download]  91.7% of 10.71MiB at  5.88MiB/s ETA 00:00
[K[download]  92.9% of 10.71MiB at  6.34MiB/s ETA 00:00
[K[download]  95.2% of 10.71MiB at  6.27MiB/s ETA 00:00
[K[download]  99.9% of 10.71MiB at  6.32MiB/s ETA 00:00
[K[download] 100.0% of 10.71MiB at  6.38MiB/s ETA 00:00
[K[download] 100% of 10.71MiB in 00:02
[ffmpeg] Destination: ./data/source/raw/Development of agriculture and writing _ Cosmology & Astronomy _ Khan Academy.wav
Deleting original file ./data/source/raw/Development of agriculture and writing _ Cosmology & Astronomy _ Khan Academy.webm (pass -k to keep)
[download] Downloading video 20 of 25
[youtube] jN03g05TSWM: Downloading webpage
[youtube] jN03g05TSWM: Looking for automatic captions
[download] Destination: ./data/source/raw/Detectable civilizations in our galaxy 2 _ Cosmology & Astronomy _ Khan Academy.webm

[K[download]   0.0% of 7.50MiB at 570.50KiB/s ETA 00:13
[K[download]   0.0% of 7.50MiB at  1.59MiB/s ETA 00:04
[K[download]   0.1% of 7.50MiB at  3.57MiB/s ETA 00:02
[K[download]   0.2% of 7.50MiB at  7.32MiB/s ETA 00:01
[K[download]   0.4% of 7.50MiB at  3.97MiB/s ETA 00:01
[K[download]   0.8% of 7.50MiB at  4.45MiB/s ETA 00:01
[K[download]   1.7% of 7.50MiB at  3.88MiB/s ETA 00:01
[K[download]   3.3% of 7.50MiB at  3.45MiB/s ETA 00:02
[K[download]   6.6% of 7.50MiB at  3.26MiB/s ETA 00:02
[K[download]  13.3% of 7.50MiB at  3.24MiB/s ETA 00:02
[K[download]  26.6% of 7.50MiB at  3.24MiB/s ETA 00:01
[K[download]  53.3% of 7.50MiB at  4.19MiB/s ETA 00:00
[K[download] 100.0% of 7.50MiB at  4.77MiB/s ETA 00:00
[K[download] 100% of 7.50MiB in 00:01
[ffmpeg] Destination: ./data/source/raw/Detectable civilizations in our galaxy 2 _ Cosmology & Astronomy _ Khan Academy.wav
Deleting original file ./data/source/raw/Detectable civilizations in our galaxy 2 _ Cosmology & Astronomy _ Khan Academy.webm (pass -k to keep)
[download] Downloading video 21 of 25
[youtube] mwUyaeWxJhA: Downloading webpage
[youtube] mwUyaeWxJhA: Looking for automatic captions
[download] Destination: ./data/source/raw/Firestick farming _ Life on earth and in the universe _ Cosmology & Astronomy _ Khan Academy.webm

[K[download]   0.0% of 5.99MiB at 923.45KiB/s ETA 00:06
[K[download]   0.0% of 5.99MiB at  2.44MiB/s ETA 00:02
[K[download]   0.1% of 5.99MiB at  5.19MiB/s ETA 00:01
[K[download]   0.2% of 5.99MiB at 10.20MiB/s ETA 00:00
[K[download]   0.5% of 5.99MiB at  3.64MiB/s ETA 00:01
[K[download]   1.0% of 5.99MiB at  4.38MiB/s ETA 00:01
[K[download]   2.1% of 5.99MiB at  5.85MiB/s ETA 00:01
[K[download]   4.2% of 5.99MiB at  6.03MiB/s ETA 00:00
[K[download]   8.3% of 5.99MiB at  6.25MiB/s ETA 00:00
[K[download]  16.7% of 5.99MiB at  6.34MiB/s ETA 00:00
[K[download]  33.4% of 5.99MiB at  6.22MiB/s ETA 00:00
[K[download]  66.8% of 5.99MiB at  5.89MiB/s ETA 00:00
[K[download] 100.0% of 5.99MiB at  4.58MiB/s ETA 00:00
[K[download] 100% of 5.99MiB in 00:01
[ffmpeg] Destination: ./data/source/raw/Firestick farming _ Life on earth and in the universe _ Cosmology & Astronomy _ Khan Academy.wav
Deleting original file ./data/source/raw/Firestick farming _ Life on earth and in the universe _ Cosmology & Astronomy _ Khan Academy.webm (pass -k to keep)
[download] Downloading video 22 of 25
[youtube] nYFuxTXDj90: Downloading webpage
[youtube] nYFuxTXDj90: Looking for automatic captions
[download] Destination: ./data/source/raw/Beginnings of life _ Life on earth and in the universe _ Cosmology & Astronomy _ Khan Academy.webm

[K[download]   0.0% of 8.93MiB at 358.67KiB/s ETA 00:25
[K[download]   0.0% of 8.93MiB at  1.02MiB/s ETA 00:08
[K[download]   0.1% of 8.93MiB at  2.08MiB/s ETA 00:04
[K[download]   0.2% of 8.93MiB at  4.32MiB/s ETA 00:02
[K[download]   0.3% of 8.93MiB at  3.66MiB/s ETA 00:02
[K[download]   0.7% of 8.93MiB at  4.54MiB/s ETA 00:01
[K[download]   1.4% of 8.93MiB at  5.92MiB/s ETA 00:01
[K[download]   2.8% of 8.93MiB at  6.01MiB/s ETA 00:01
[K[download]   5.6% of 8.93MiB at  6.25MiB/s ETA 00:01
[K[download]  11.2% of 8.93MiB at  6.33MiB/s ETA 00:01
[K[download]  22.4% of 8.93MiB at  6.35MiB/s ETA 00:01
[K[download]  44.8% of 8.93MiB at  6.37MiB/s ETA 00:00
[K[download]  89.5% of 8.93MiB at  6.08MiB/s ETA 00:00
[K[download] 100.0% of 8.93MiB at  6.12MiB/s ETA 00:00
[K[download] 100% of 8.93MiB in 00:01
[ffmpeg] Destination: ./data/source/raw/Beginnings of life _ Life on earth and in the universe _ Cosmology & Astronomy _ Khan Academy.wav
Deleting original file ./data/source/raw/Beginnings of life _ Life on earth and in the universe _ Cosmology & Astronomy _ Khan Academy.webm (pass -k to keep)
[download] Downloading video 23 of 25
[youtube] r1ywppAJ1xs: Downloading webpage
[youtube] r1ywppAJ1xs: Looking for automatic captions
[download] Destination: ./data/source/raw/Thomas Malthus and population growth _ Cosmology & Astronomy _ Khan Academy.webm

[K[download]   0.0% of 7.36MiB at 131.82KiB/s ETA 00:57
[K[download]   0.0% of 7.36MiB at 390.47KiB/s ETA 00:19
[K[download]   0.1% of 7.36MiB at 901.00KiB/s ETA 00:08
[K[download]   0.2% of 7.36MiB at  1.86MiB/s ETA 00:03
[K[download]   0.4% of 7.36MiB at  1.04MiB/s ETA 00:07
[K[download]   0.8% of 7.36MiB at  1.30MiB/s ETA 00:05
[K[download]   1.7% of 7.36MiB at  1.76MiB/s ETA 00:04
[K[download]   3.4% of 7.36MiB at  2.31MiB/s ETA 00:03
[K[download]   6.8% of 7.36MiB at  2.56MiB/s ETA 00:02
[K[download]  13.6% of 7.36MiB at  3.06MiB/s ETA 00:02
[K[download]  27.2% of 7.36MiB at  3.72MiB/s ETA 00:01
[K[download]  54.4% of 7.36MiB at  4.70MiB/s ETA 00:00
[K[download] 100.0% of 7.36MiB at  5.09MiB/s ETA 00:00
[K[download] 100% of 7.36MiB in 00:01
[ffmpeg] Destination: ./data/source/raw/Thomas Malthus and population growth _ Cosmology & Astronomy _ Khan Academy.wav
Deleting original file ./data/source/raw/Thomas Malthus and population growth _ Cosmology & Astronomy _ Khan Academy.webm (pass -k to keep)
[download] Downloading video 24 of 25
[youtube] xL9ejqb53ms: Downloading webpage
[youtube] xL9ejqb53ms: Looking for automatic captions
[download] Destination: ./data/source/raw/Detectable civilizations in our galaxy 5 _ Cosmology & Astronomy _ Khan Academy.webm

[K[download]   0.0% of 4.07MiB at 109.21KiB/s ETA 00:38
[K[download]   0.1% of 4.07MiB at 323.63KiB/s ETA 00:12
[K[download]   0.2% of 4.07MiB at 746.20KiB/s ETA 00:05
[K[download]   0.4% of 4.07MiB at  1.54MiB/s ETA 00:02
[K[download]   0.7% of 4.07MiB at 576.59KiB/s ETA 00:07
[K[download]   1.5% of 4.07MiB at 906.25KiB/s ETA 00:04
[K[download]   3.1% of 4.07MiB at  1.24MiB/s ETA 00:03
[K[download]   6.1% of 4.07MiB at  1.73MiB/s ETA 00:02
[K[download]  12.3% of 4.07MiB at  2.24MiB/s ETA 00:01
[K[download]  24.6% of 4.07MiB at  3.63MiB/s ETA 00:00
[K[download]  49.2% of 4.07MiB at  4.63MiB/s ETA 00:00
[K[download]  98.4% of 4.07MiB at  5.26MiB/s ETA 00:00
[K[download] 100.0% of 4.07MiB at  5.34MiB/s ETA 00:00
[K[download] 100% of 4.07MiB in 00:00
[ffmpeg] Destination: ./data/source/raw/Detectable civilizations in our galaxy 5 _ Cosmology & Astronomy _ Khan Academy.wav
Deleting original file ./data/source/raw/Detectable civilizations in our galaxy 5 _ Cosmology & Astronomy _ Khan Academy.webm (pass -k to keep)
[download] Downloading video 25 of 25
[youtube] xM8szz4VB28: Downloading webpage
[youtube] xM8szz4VB28: Looking for automatic captions
[download] Destination: ./data/source/raw/Land productivity limiting human population _ Cosmology & Astronomy _ Khan Academy.webm

[K[download]   0.0% of 11.48MiB at 494.55KiB/s ETA 00:24
[K[download]   0.0% of 11.48MiB at  1.35MiB/s ETA 00:08
[K[download]   0.1% of 11.48MiB at  2.95MiB/s ETA 00:03
[K[download]   0.1% of 11.48MiB at  5.87MiB/s ETA 00:01
[K[download]   0.3% of 11.48MiB at  3.95MiB/s ETA 00:02
[K[download]   0.5% of 11.48MiB at  4.20MiB/s ETA 00:02
[K[download]   1.1% of 11.48MiB at  6.18MiB/s ETA 00:01
[K[download]   2.2% of 11.48MiB at  5.98MiB/s ETA 00:01
[K[download]   4.3% of 11.48MiB at  6.28MiB/s ETA 00:01
[K[download]   8.7% of 11.48MiB at  6.37MiB/s ETA 00:01
[K[download]  17.4% of 11.48MiB at  6.38MiB/s ETA 00:01
[K[download]  34.8% of 11.48MiB at  6.38MiB/s ETA 00:01
[K[download]  69.7% of 11.48MiB at  5.31MiB/s ETA 00:00
[K[download]  85.6% of 11.48MiB at  5.06MiB/s ETA 00:00
[K[download]  85.6% of 11.48MiB at 609.81KiB/s ETA 00:02
[K[download]  85.6% of 11.48MiB at  1.65MiB/s ETA 00:01
[K[download]  85.6% of 11.48MiB at  3.59MiB/s ETA 00:00
[K[download]  85.7% of 11.48MiB at  7.26MiB/s ETA 00:00
[K[download]  85.8% of 11.48MiB at  3.95MiB/s ETA 00:00
[K[download]  86.1% of 11.48MiB at  4.80MiB/s ETA 00:00
[K[download]  86.7% of 11.48MiB at  5.80MiB/s ETA 00:00
[K[download]  87.7% of 11.48MiB at  6.12MiB/s ETA 00:00
[K[download]  89.9% of 11.48MiB at  6.23MiB/s ETA 00:00
[K[download]  94.3% of 11.48MiB at  6.32MiB/s ETA 00:00
[K[download] 100.0% of 11.48MiB at  6.37MiB/s ETA 00:00
[K[download] 100% of 11.48MiB in 00:02
[ffmpeg] Destination: ./data/source/raw/Land productivity limiting human population _ Cosmology & Astronomy _ Khan Academy.wav
Deleting original file ./data/source/raw/Land productivity limiting human population _ Cosmology & Astronomy _ Khan Academy.webm (pass -k to keep)
[download] Finished downloading playlist: Life on earth and in the universe | Cosmology & Astronomy | Khan Academy
